
==================================================
Mathematics: 20 / 1,000,000
==================================================
[1] addition facts (d3)... +4 = 24
[2] subtraction facts (d1)... +5 = 29
[3] multiplication tables (d3)... +5 = 34
[4] division facts (d3)... +5 = 39
[5] place value (d1)... +2 = 41
[6] rounding numbers (d2)... +5 = 46
[7] comparing numbers (d3)... retry
[8] number patterns (d2)... +4 = 50
[9] even and odd numbers (d2)... +1 = 51
[10] prime numbers (d4)... +4 = 55
[11] composite numbers (d3)... +4 = 59
[12] factors (d1)... +4 = 63
[13] multiples (d2)... +5 = 68
[14] greatest common factor (d2)... retry
[15] least common multiple (d2)... retry
[16] divisibility rules (d2)... +5 = 73
[17] fractions basics (d3)... +5 = 78
[18] equivalent fractions (d1)... +5 = 83
[19] comparing fractions (d4)... +5 = 88
[20] adding fractions (d3)... +5 = 93
[21] subtracting fractions (d4)... +5 = 98
[22] multiplying fractions (d1)... +5 = 103
[23] dividing fractions (d3)... +5 = 108
[24] mixed numbers (d3)... retry
[25] improper fractions (d3)... +5 = 113
[26] decimals basics (d3)... +5 = 118
[27] decimal operations (d2)... +5 = 123
[28] converting fractions to decimals (d4)... +5 = 128
[29] percentages (d1)... +5 = 133
[30] percent of a number (d3)... +5 = 138
[31] percent increase decrease (d3)... +5 = 143
[32] ratios (d3)... retry
[33] proportions (d3)... +4 = 147
[34] unit rates (d3)... +5 = 152
[35] scale factors (d4)... +5 = 157
[36] variables and expressions (d2)... +5 = 162
[37] evaluating expressions (d3)... +1 = 163
[38] simplifying expressions (d4)... +5 = 168
[39] solving one-step equations (d3)... +5 = 173
[40] solving two-step equations (d2)... +2 = 175
[41] multi-step equations (d2)... +5 = 180
[42] inequalities (d2)... +5 = 185
[43] graphing inequalities (d3)... +5 = 190
[44] systems of equations (d2)... +4 = 194
[45] linear equations (d2)... +5 = 199
[46] slope and y-intercept (d4)... +5 = 204
[47] graphing linear equations (d2)... +5 = 209
[48] quadratic equations (d3)... +5 = 214
[49] factoring polynomials (d4)... +5 = 219
[50] FOIL method (d3)... +5 = 224
--- 224/1,000,000 (0.0%) ---
[51] quadratic formula (d1)... retry
[52] completing the square (d3)... +4 = 228
[53] exponent rules (d1)... +4 = 232
[54] scientific notation (d3)... +4 = 236
[55] radical expressions (d3)... retry
[56] rational expressions (d4)... +5 = 241
[57] points lines planes (d2)... +5 = 246
[58] angles types (d2)... +5 = 251
[59] angle relationships (d2)... +4 = 255
[60] parallel lines (d3)... +5 = 260
[61] perpendicular lines (d2)... +5 = 265
[62] triangles classification (d1)... +5 = 270
[63] triangle properties (d2)... +5 = 275
[64] quadrilaterals (d4)... +5 = 280
[65] polygons (d2)... +5 = 285
[66] circles (d3)... +5 = 290
[67] circumference (d2)... retry
[68] area of rectangles (d3)... retry
[69] area of triangles (d2)... +5 = 295
[70] area of circles (d2)... +5 = 300
[71] area of parallelograms (d4)... +5 = 305
[72] area of trapezoids (d2)... +5 = 310
[73] surface area (d2)... +5 = 315
[74] volume of prisms (d4)... +5 = 320
[75] volume of cylinders (d1)... +4 = 324
[76] volume of cones (d1)... retry
[77] volume of spheres (d2)... +5 = 329
[78] Pythagorean theorem (d2)... +5 = 334
[79] distance formula (d2)... +4 = 338
[80] midpoint formula (d3)... +4 = 342
[81] coordinate geometry (d3)... +5 = 347
[82] transformations (d3)... +5 = 352
[83] reflections (d2)... +5 = 357
[84] rotations (d1)... +5 = 362
[85] translations (d1)... +4 = 366
[86] dilations (d1)... +4 = 370
[87] similarity (d3)... +5 = 375
[88] congruence (d3)... +4 = 379
[89] geometric proofs (d2)... +5 = 384
[90] sine cosine tangent (d2)... +5 = 389
[91] trigonometric ratios (d3)... +5 = 394
[92] unit circle (d4)... +5 = 399
[93] radians and degrees (d3)... +5 = 404
[94] law of sines (d3)... +0 = 404
[95] law of cosines (d1)... +0 = 404
[96] trigonometric identities (d2)... retry
[97] inverse trig functions (d3)... +0 = 404
[98] mean median mode (d4)... +0 = 404
[99] range (d4)... +0 = 404
[100] standard deviation (d3)... +0 = 404
--- 404/1,000,000 (0.0%) ---
[101] variance (d2)... +0 = 404
[102] box plots (d3)... +0 = 404
[103] histograms (d1)... +0 = 404
[104] scatter plots (d3)... +0 = 404
[105] line of best fit (d2)... +0 = 404
[106] correlation (d3)... +0 = 404
[107] probability basics (d3)... +0 = 404
[108] compound probability (d3)... +0 = 404
[109] independent events (d1)... +0 = 404
[110] dependent events (d3)... +0 = 404
[111] combinations (d3)... retry
[112] permutations (d2)... +0 = 404
[113] expected value (d1)... +0 = 404
[114] normal distribution (d3)... retry
[115] limits (d4)... +0 = 404
[116] derivatives basics (d2)... +0 = 404
[117] derivative rules (d2)... +0 = 404
[118] chain rule (d2)... retry
[119] integrals basics (d3)... +0 = 404
[120] integration techniques (d3)... +0 = 404
[121] sequences (d1)... +0 = 404
[122] arithmetic sequences (d3)... +0 = 404
[123] geometric sequences (d3)... +0 = 404
[124] series (d4)... +0 = 404
[125] matrices (d3)... +0 = 404
[126] matrix operations (d4)... retry
[127] determinants (d2)... +0 = 404
[128] vectors (d3)... +0 = 404
[129] complex numbers (d3)... retry
[130] logarithms (d2)... +0 = 404
[131] exponential functions (d3)... +0 = 404
[132] number theory (d2)... +0 = 404
[133] addition facts (d3)... +0 = 404
[134] subtraction facts (d2)... +0 = 404
[135] multiplication tables (d3)... +3 = 407
[136] division facts (d3)... +4 = 411
[137] place value (d2)... retry
[138] rounding numbers (d2)... +5 = 416
[139] comparing numbers (d1)... +5 = 421
[140] number patterns (d4)... +4 = 425
[141] even and odd numbers (d3)... +4 = 429
[142] prime numbers (d2)... +0 = 429
[143] composite numbers (d4)... +0 = 429
[144] factors (d3)... 